<?xml version="1.0" encoding="UTF-8"?>
<coverage generated="1742044352742" clover="3.2.0">
  <project timestamp="1742044352742" name="All files">
    <metrics statements="619" coveredstatements="472" conditionals="183" coveredconditionals="127" methods="90" coveredmethods="72" elements="892" coveredelements="671" complexity="0" loc="619" ncloc="619" packages="5" files="8" classes="8"/>
    <package name="src">
      <metrics statements="6" coveredstatements="0" conditionals="2" coveredconditionals="0" methods="1" coveredmethods="0"/>
      <file name="types.ts" path="/Users/tmita/workspace/memory-bank-mcp-server/src/types.ts">
        <metrics statements="6" coveredstatements="0" conditionals="2" coveredconditionals="0" methods="1" coveredmethods="0"/>
        <line num="6" count="0" type="cond" truecount="0" falsecount="2"/>
        <line num="7" count="0" type="stmt"/>
        <line num="8" count="0" type="stmt"/>
        <line num="9" count="0" type="stmt"/>
        <line num="10" count="0" type="stmt"/>
        <line num="11" count="0" type="stmt"/>
      </file>
    </package>
    <package name="src.errors">
      <metrics statements="34" coveredstatements="25" conditionals="2" coveredconditionals="2" methods="16" coveredmethods="7"/>
      <file name="MemoryBankError.ts" path="/Users/tmita/workspace/memory-bank-mcp-server/src/errors/MemoryBankError.ts">
        <metrics statements="34" coveredstatements="25" conditionals="2" coveredconditionals="2" methods="16" coveredmethods="7"/>
        <line num="3" count="9" type="cond" truecount="2" falsecount="0"/>
        <line num="5" count="9" type="stmt"/>
        <line num="6" count="9" type="stmt"/>
        <line num="7" count="9" type="stmt"/>
        <line num="8" count="9" type="stmt"/>
        <line num="11" count="9" type="stmt"/>
        <line num="12" count="9" type="stmt"/>
        <line num="13" count="9" type="stmt"/>
        <line num="16" count="9" type="stmt"/>
        <line num="17" count="9" type="stmt"/>
        <line num="20" count="9" type="stmt"/>
        <line num="21" count="9" type="stmt"/>
        <line num="22" count="9" type="stmt"/>
        <line num="23" count="9" type="stmt"/>
        <line num="26" count="9" type="stmt"/>
        <line num="28" count="50" type="stmt"/>
        <line num="29" count="50" type="stmt"/>
        <line num="30" count="50" type="stmt"/>
        <line num="32" count="50" type="stmt"/>
        <line num="33" count="50" type="stmt"/>
        <line num="37" count="0" type="stmt"/>
        <line num="48" count="4" type="stmt"/>
        <line num="59" count="0" type="stmt"/>
        <line num="70" count="0" type="stmt"/>
        <line num="78" count="2" type="stmt"/>
        <line num="86" count="0" type="stmt"/>
        <line num="94" count="5" type="stmt"/>
        <line num="102" count="1" type="stmt"/>
        <line num="110" count="0" type="stmt"/>
        <line num="122" count="5" type="stmt"/>
        <line num="130" count="0" type="stmt"/>
        <line num="138" count="0" type="stmt"/>
        <line num="146" count="0" type="stmt"/>
        <line num="154" count="0" type="stmt"/>
      </file>
    </package>
    <package name="src.managers">
      <metrics statements="513" coveredstatements="398" conditionals="166" coveredconditionals="117" methods="66" coveredmethods="60"/>
      <file name="BaseMemoryBank.ts" path="/Users/tmita/workspace/memory-bank-mcp-server/src/managers/BaseMemoryBank.ts">
        <metrics statements="183" coveredstatements="132" conditionals="50" coveredconditionals="31" methods="34" coveredmethods="29"/>
        <line num="1" count="4" type="stmt"/>
        <line num="2" count="4" type="stmt"/>
        <line num="3" count="4" type="stmt"/>
        <line num="5" count="4" type="stmt"/>
        <line num="20" count="4" type="stmt"/>
        <line num="21" count="65" type="stmt"/>
        <line num="27" count="117" type="stmt"/>
        <line num="29" count="117" type="stmt"/>
        <line num="30" count="116" type="stmt"/>
        <line num="32" count="116" type="stmt"/>
        <line num="33" count="116" type="stmt"/>
        <line num="34" count="113" type="stmt"/>
        <line num="37" count="113" type="stmt"/>
        <line num="40" count="113" type="cond" truecount="1" falsecount="1"/>
        <line num="43" count="113" type="stmt"/>
        <line num="50" count="113" type="stmt"/>
        <line num="52" count="3" type="cond" truecount="0" falsecount="1"/>
        <line num="53" count="0" type="cond" truecount="0" falsecount="1"/>
        <line num="54" count="0" type="stmt"/>
        <line num="56" count="0" type="cond" truecount="0" falsecount="1"/>
        <line num="57" count="0" type="stmt"/>
        <line num="59" count="0" type="stmt"/>
        <line num="61" count="3" type="stmt"/>
        <line num="64" count="4" type="cond" truecount="1" falsecount="0"/>
        <line num="65" count="1" type="stmt"/>
        <line num="67" count="3" type="stmt"/>
        <line num="75" count="363" type="stmt"/>
        <line num="77" count="363" type="stmt"/>
        <line num="78" count="362" type="stmt"/>
        <line num="79" count="361" type="stmt"/>
        <line num="81" count="361" type="stmt"/>
        <line num="83" count="361" type="stmt"/>
        <line num="86" count="361" type="stmt"/>
        <line num="89" count="361" type="stmt"/>
        <line num="95" count="361" type="stmt"/>
        <line num="97" count="361" type="stmt"/>
        <line num="99" count="0" type="cond" truecount="0" falsecount="1"/>
        <line num="100" count="0" type="cond" truecount="0" falsecount="1"/>
        <line num="101" count="0" type="stmt"/>
        <line num="103" count="0" type="stmt"/>
        <line num="105" count="0" type="stmt"/>
        <line num="108" count="2" type="cond" truecount="1" falsecount="0"/>
        <line num="109" count="2" type="stmt"/>
        <line num="111" count="0" type="stmt"/>
        <line num="119" count="2" type="stmt"/>
        <line num="121" count="2" type="stmt"/>
        <line num="124" count="2" type="stmt"/>
        <line num="125" count="2" type="stmt"/>
        <line num="128" count="2" type="stmt"/>
        <line num="129" count="3" type="cond" truecount="2" falsecount="0"/>
        <line num="130" count="2" type="stmt"/>
        <line num="133" count="3" type="stmt"/>
        <line num="142" count="2" type="stmt"/>
        <line num="144" count="0" type="cond" truecount="0" falsecount="1"/>
        <line num="145" count="0" type="stmt"/>
        <line num="147" count="0" type="stmt"/>
        <line num="155" count="2" type="stmt"/>
        <line num="157" count="2" type="stmt"/>
        <line num="160" count="2" type="stmt"/>
        <line num="161" count="2" type="stmt"/>
        <line num="162" count="2" type="stmt"/>
        <line num="164" count="2" type="stmt"/>
        <line num="165" count="1" type="cond" truecount="0" falsecount="1"/>
        <line num="167" count="1" type="stmt"/>
        <line num="168" count="1" type="stmt"/>
        <line num="169" count="1" type="stmt"/>
        <line num="170" count="1" type="stmt"/>
        <line num="173" count="1" type="stmt"/>
        <line num="174" count="1" type="cond" truecount="2" falsecount="0"/>
        <line num="176" count="1" type="cond" truecount="2" falsecount="0"/>
        <line num="179" count="1" type="stmt"/>
        <line num="188" count="1" type="stmt"/>
        <line num="190" count="1" type="stmt"/>
        <line num="191" count="1" type="stmt"/>
        <line num="196" count="2" type="stmt"/>
        <line num="197" count="0" type="stmt"/>
        <line num="200" count="0" type="cond" truecount="0" falsecount="1"/>
        <line num="201" count="0" type="stmt"/>
        <line num="203" count="0" type="stmt"/>
        <line num="211" count="6" type="stmt"/>
        <line num="214" count="21" type="stmt"/>
        <line num="215" count="21" type="stmt"/>
        <line num="217" count="21" type="stmt"/>
        <line num="218" count="81" type="stmt"/>
        <line num="220" count="81" type="cond" truecount="2" falsecount="0"/>
        <line num="221" count="15" type="stmt"/>
        <line num="222" count="66" type="cond" truecount="1" falsecount="0"/>
        <line num="223" count="66" type="stmt"/>
        <line num="227" count="0" type="cond" truecount="0" falsecount="1"/>
        <line num="228" count="0" type="cond" truecount="0" falsecount="1"/>
        <line num="229" count="0" type="stmt"/>
        <line num="231" count="0" type="stmt"/>
        <line num="233" count="0" type="stmt"/>
        <line num="237" count="6" type="stmt"/>
        <line num="238" count="6" type="stmt"/>
        <line num="239" count="66" type="stmt"/>
        <line num="241" count="0" type="cond" truecount="0" falsecount="1"/>
        <line num="242" count="0" type="stmt"/>
        <line num="244" count="0" type="stmt"/>
        <line num="252" count="5" type="stmt"/>
        <line num="254" count="5" type="stmt"/>
        <line num="255" count="5" type="stmt"/>
        <line num="256" count="5" type="stmt"/>
        <line num="258" count="5" type="stmt"/>
        <line num="259" count="56" type="stmt"/>
        <line num="260" count="56" type="stmt"/>
        <line num="261" count="58" type="cond" truecount="1" falsecount="0"/>
        <line num="262" count="7" type="stmt"/>
        <line num="265" count="0" type="stmt"/>
        <line num="269" count="5" type="stmt"/>
        <line num="271" count="0" type="cond" truecount="0" falsecount="1"/>
        <line num="272" count="0" type="stmt"/>
        <line num="274" count="0" type="stmt"/>
        <line num="282" count="0" type="stmt"/>
        <line num="283" count="0" type="stmt"/>
        <line num="284" count="0" type="stmt"/>
        <line num="286" count="0" type="stmt"/>
        <line num="287" count="0" type="stmt"/>
        <line num="289" count="0" type="cond" truecount="0" falsecount="1"/>
        <line num="290" count="0" type="cond" truecount="0" falsecount="1"/>
        <line num="291" count="0" type="stmt"/>
        <line num="293" count="0" type="cond" truecount="0" falsecount="1"/>
        <line num="294" count="0" type="stmt"/>
        <line num="296" count="0" type="stmt"/>
        <line num="298" count="0" type="stmt"/>
        <line num="301" count="0" type="cond" truecount="0" falsecount="1"/>
        <line num="302" count="0" type="stmt"/>
        <line num="304" count="0" type="stmt"/>
        <line num="317" count="480" type="stmt"/>
        <line num="318" count="480" type="stmt"/>
        <line num="320" count="2" type="stmt"/>
        <line num="328" count="258" type="stmt"/>
        <line num="329" count="258" type="stmt"/>
        <line num="331" count="0" type="stmt"/>
        <line num="336" count="477" type="stmt"/>
        <line num="337" count="477" type="cond" truecount="0" falsecount="1"/>
        <line num="338" count="0" type="stmt"/>
        <line num="340" count="477" type="stmt"/>
        <line num="344" count="113" type="stmt"/>
        <line num="345" count="12839" type="stmt"/>
        <line num="347" count="113" type="cond" truecount="1" falsecount="0"/>
        <line num="349" count="51" type="stmt"/>
        <line num="353" count="104" type="stmt"/>
        <line num="354" count="104" type="stmt"/>
        <line num="358" count="361" type="cond" truecount="1" falsecount="0"/>
        <line num="360" count="23" type="stmt"/>
        <line num="363" count="13" type="cond" truecount="1" falsecount="0"/>
        <line num="364" count="2" type="stmt"/>
        <line num="368" count="11" type="stmt"/>
        <line num="369" count="11" type="stmt"/>
        <line num="370" count="11" type="stmt"/>
        <line num="372" count="11" type="stmt"/>
        <line num="376" count="3" type="stmt"/>
        <line num="377" count="46" type="stmt"/>
        <line num="379" count="3" type="cond" truecount="1" falsecount="0"/>
        <line num="382" count="1" type="stmt"/>
        <line num="383" count="1" type="stmt"/>
        <line num="387" count="2" type="stmt"/>
        <line num="388" count="19" type="cond" truecount="2" falsecount="0"/>
        <line num="390" count="2" type="cond" truecount="1" falsecount="0"/>
        <line num="391" count="1" type="stmt"/>
        <line num="394" count="2" type="cond" truecount="2" falsecount="0"/>
        <line num="396" count="1" type="stmt"/>
        <line num="397" count="1" type="stmt"/>
        <line num="399" count="1" type="stmt"/>
        <line num="402" count="1" type="stmt"/>
        <line num="403" count="1" type="stmt"/>
        <line num="405" count="1" type="stmt"/>
        <line num="410" count="4" type="stmt"/>
        <line num="411" count="18" type="stmt"/>
        <line num="413" count="4" type="cond" truecount="1" falsecount="0"/>
        <line num="416" count="1" type="stmt"/>
        <line num="417" count="5" type="cond" truecount="2" falsecount="0"/>
        <line num="419" count="1" type="cond" truecount="1" falsecount="0"/>
        <line num="420" count="1" type="stmt"/>
        <line num="424" count="1" type="stmt"/>
        <line num="426" count="2" type="stmt"/>
        <line num="432" count="2" type="stmt"/>
        <line num="433" count="2" type="cond" truecount="1" falsecount="0"/>
        <line num="435" count="0" type="stmt"/>
        <line num="437" count="0" type="stmt"/>
        <line num="438" count="0" type="stmt"/>
        <line num="439" count="0" type="stmt"/>
      </file>
      <file name="BranchMemoryBank.ts" path="/Users/tmita/workspace/memory-bank-mcp-server/src/managers/BranchMemoryBank.ts">
        <metrics statements="168" coveredstatements="155" conditionals="81" coveredconditionals="63" methods="14" coveredmethods="14"/>
        <line num="1" count="3" type="stmt"/>
        <line num="2" count="3" type="stmt"/>
        <line num="3" count="3" type="stmt"/>
        <line num="4" count="3" type="stmt"/>
        <line num="5" count="3" type="stmt"/>
        <line num="6" count="3" type="stmt"/>
        <line num="21" count="3" type="stmt"/>
        <line num="24" count="44" type="stmt"/>
        <line num="27" count="44" type="stmt"/>
        <line num="28" count="44" type="stmt"/>
        <line num="29" count="44" type="stmt"/>
        <line num="31" count="2" type="stmt"/>
        <line num="33" count="42" type="stmt"/>
        <line num="40" count="68" type="cond" truecount="1" falsecount="0"/>
        <line num="42" count="40" type="stmt"/>
        <line num="44" count="40" type="stmt"/>
        <line num="47" count="40" type="stmt"/>
        <line num="48" count="40" type="stmt"/>
        <line num="50" count="40" type="stmt"/>
        <line num="51" count="160" type="stmt"/>
        <line num="52" count="160" type="stmt"/>
        <line num="53" count="160" type="stmt"/>
        <line num="56" count="156" type="stmt"/>
        <line num="57" count="156" type="stmt"/>
        <line num="60" count="156" type="stmt"/>
        <line num="67" count="40" type="stmt"/>
        <line num="74" count="38" type="stmt"/>
        <line num="81" count="5" type="stmt"/>
        <line num="88" count="5" type="stmt"/>
        <line num="89" count="20" type="stmt"/>
        <line num="90" count="20" type="stmt"/>
        <line num="92" count="2" type="stmt"/>
        <line num="93" count="2" type="stmt"/>
        <line num="94" count="2" type="stmt"/>
        <line num="102" count="5" type="stmt"/>
        <line num="116" count="14" type="stmt"/>
        <line num="117" count="14" type="stmt"/>
        <line num="119" count="14" type="stmt"/>
        <line num="120" count="12" type="cond" truecount="2" falsecount="0"/>
        <line num="122" count="12" type="stmt"/>
        <line num="125" count="12" type="stmt"/>
        <line num="130" count="12" type="cond" truecount="1" falsecount="0"/>
        <line num="131" count="12" type="stmt"/>
        <line num="137" count="12" type="cond" truecount="1" falsecount="0"/>
        <line num="138" count="8" type="stmt"/>
        <line num="144" count="12" type="cond" truecount="1" falsecount="0"/>
        <line num="145" count="8" type="stmt"/>
        <line num="151" count="12" type="cond" truecount="1" falsecount="0"/>
        <line num="152" count="8" type="stmt"/>
        <line num="158" count="12" type="stmt"/>
        <line num="160" count="2" type="cond" truecount="0" falsecount="1"/>
        <line num="161" count="0" type="stmt"/>
        <line num="163" count="2" type="stmt"/>
        <line num="177" count="4" type="stmt"/>
        <line num="178" count="4" type="stmt"/>
        <line num="180" count="4" type="stmt"/>
        <line num="181" count="4" type="cond" truecount="2" falsecount="0"/>
        <line num="183" count="4" type="stmt"/>
        <line num="186" count="4" type="stmt"/>
        <line num="191" count="4" type="cond" truecount="1" falsecount="0"/>
        <line num="192" count="4" type="stmt"/>
        <line num="198" count="4" type="cond" truecount="1" falsecount="0"/>
        <line num="199" count="4" type="stmt"/>
        <line num="205" count="4" type="cond" truecount="1" falsecount="0"/>
        <line num="206" count="4" type="stmt"/>
        <line num="212" count="4" type="stmt"/>
        <line num="214" count="0" type="cond" truecount="0" falsecount="1"/>
        <line num="215" count="0" type="stmt"/>
        <line num="217" count="0" type="stmt"/>
        <line num="231" count="6" type="stmt"/>
        <line num="232" count="6" type="stmt"/>
        <line num="234" count="6" type="stmt"/>
        <line num="235" count="4" type="cond" truecount="2" falsecount="0"/>
        <line num="237" count="4" type="stmt"/>
        <line num="247" count="6" type="stmt"/>
        <line num="250" count="4" type="stmt"/>
        <line num="257" count="4" type="stmt"/>
        <line num="259" count="2" type="cond" truecount="0" falsecount="1"/>
        <line num="260" count="0" type="stmt"/>
        <line num="262" count="2" type="stmt"/>
        <line num="270" count="6" type="stmt"/>
        <line num="271" count="6" type="stmt"/>
        <line num="272" count="6" type="stmt"/>
        <line num="275" count="6" type="cond" truecount="1" falsecount="0"/>
        <line num="276" count="2" type="stmt"/>
        <line num="279" count="6" type="cond" truecount="1" falsecount="0"/>
        <line num="280" count="6" type="stmt"/>
        <line num="283" count="6" type="cond" truecount="1" falsecount="0"/>
        <line num="284" count="2" type="stmt"/>
        <line num="287" count="6" type="cond" truecount="1" falsecount="0"/>
        <line num="288" count="2" type="stmt"/>
        <line num="289" count="2" type="stmt"/>
        <line num="293" count="0" type="cond" truecount="0" falsecount="1"/>
        <line num="294" count="0" type="stmt"/>
        <line num="296" count="0" type="stmt"/>
        <line num="308" count="36" type="stmt"/>
        <line num="309" count="36" type="stmt"/>
        <line num="310" count="36" type="stmt"/>
        <line num="311" count="36" type="stmt"/>
        <line num="312" count="36" type="stmt"/>
        <line num="315" count="36" type="stmt"/>
        <line num="316" count="36" type="stmt"/>
        <line num="318" count="36" type="stmt"/>
        <line num="319" count="4342" type="stmt"/>
        <line num="320" count="4342" type="cond" truecount="1" falsecount="0"/>
        <line num="321" count="112" type="cond" truecount="1" falsecount="0"/>
        <line num="322" count="76" type="stmt"/>
        <line num="324" count="112" type="stmt"/>
        <line num="327" count="36" type="cond" truecount="1" falsecount="0"/>
        <line num="328" count="36" type="stmt"/>
        <line num="332" count="36" type="stmt"/>
        <line num="333" count="36" type="stmt"/>
        <line num="334" count="184" type="stmt"/>
        <line num="335" count="184" type="cond" truecount="1" falsecount="0"/>
        <line num="336" count="72" type="stmt"/>
        <line num="337" count="72" type="stmt"/>
        <line num="338" count="72" type="stmt"/>
        <line num="342" count="238" type="stmt"/>
        <line num="343" count="112" type="cond" truecount="1" falsecount="0"/>
        <line num="345" count="32" type="stmt"/>
        <line num="346" count="32" type="cond" truecount="1" falsecount="1"/>
        <line num="347" count="32" type="stmt"/>
        <line num="348" count="32" type="stmt"/>
        <line num="350" count="0" type="stmt"/>
        <line num="351" count="0" type="stmt"/>
        <line num="353" count="32" type="stmt"/>
        <line num="357" count="80" type="stmt"/>
        <line num="358" count="80" type="stmt"/>
        <line num="361" count="80" type="cond" truecount="2" falsecount="0"/>
        <line num="362" count="58" type="stmt"/>
        <line num="366" count="80" type="stmt"/>
        <line num="367" count="80" type="cond" truecount="1" falsecount="1"/>
        <line num="368" count="108" type="stmt"/>
        <line num="372" count="80" type="stmt"/>
        <line num="374" count="80" type="stmt"/>
        <line num="375" count="80" type="cond" truecount="3" falsecount="0"/>
        <line num="377" count="6" type="cond" truecount="1" falsecount="0"/>
        <line num="378" count="2" type="stmt"/>
        <line num="380" count="6" type="cond" truecount="1" falsecount="0"/>
        <line num="381" count="6" type="cond" truecount="1" falsecount="0"/>
        <line num="382" count="6" type="stmt"/>
        <line num="384" count="6" type="stmt"/>
        <line num="387" count="2" type="cond" truecount="1" falsecount="0"/>
        <line num="388" count="2" type="stmt"/>
        <line num="390" count="2" type="cond" truecount="1" falsecount="0"/>
        <line num="391" count="2" type="cond" truecount="1" falsecount="0"/>
        <line num="392" count="2" type="stmt"/>
        <line num="394" count="2" type="stmt"/>
        <line num="397" count="72" type="cond" truecount="1" falsecount="0"/>
        <line num="398" count="62" type="stmt"/>
        <line num="400" count="72" type="stmt"/>
        <line num="403" count="80" type="cond" truecount="1" falsecount="0"/>
        <line num="404" count="70" type="stmt"/>
        <line num="408" count="80" type="cond" truecount="1" falsecount="1"/>
        <line num="412" count="36" type="stmt"/>
        <line num="413" count="88" type="cond" truecount="1" falsecount="0"/>
        <line num="414" count="8" type="cond" truecount="2" falsecount="0"/>
        <line num="415" count="4" type="stmt"/>
        <line num="418" count="8" type="cond" truecount="1" falsecount="0"/>
        <line num="419" count="8" type="stmt"/>
        <line num="420" count="8" type="stmt"/>
        <line num="421" count="8" type="stmt"/>
        <line num="422" count="8" type="stmt"/>
        <line num="428" count="36" type="stmt"/>
        <line num="435" count="36" type="stmt"/>
        <line num="437" count="0" type="cond" truecount="0" falsecount="1"/>
        <line num="438" count="0" type="stmt"/>
        <line num="440" count="0" type="stmt"/>
      </file>
      <file name="GlobalMemoryBank.ts" path="/Users/tmita/workspace/memory-bank-mcp-server/src/managers/GlobalMemoryBank.ts">
        <metrics statements="80" coveredstatements="39" conditionals="16" coveredconditionals="7" methods="7" coveredmethods="6"/>
        <line num="1" count="2" type="stmt"/>
        <line num="2" count="2" type="stmt"/>
        <line num="3" count="2" type="stmt"/>
        <line num="4" count="2" type="stmt"/>
        <line num="5" count="2" type="stmt"/>
        <line num="6" count="2" type="stmt"/>
        <line num="11" count="2" type="stmt"/>
        <line num="15" count="21" type="stmt"/>
        <line num="16" count="21" type="stmt"/>
        <line num="23" count="21" type="stmt"/>
        <line num="25" count="21" type="stmt"/>
        <line num="26" count="21" type="stmt"/>
        <line num="29" count="21" type="stmt"/>
        <line num="30" count="21" type="cond" truecount="2" falsecount="0"/>
        <line num="32" count="42" type="stmt"/>
        <line num="40" count="21" type="stmt"/>
        <line num="41" count="21" type="stmt"/>
        <line num="50" count="21" type="stmt"/>
        <line num="51" count="126" type="stmt"/>
        <line num="52" count="126" type="stmt"/>
        <line num="53" count="126" type="stmt"/>
        <line num="54" count="126" type="stmt"/>
        <line num="56" count="126" type="stmt"/>
        <line num="59" count="0" type="cond" truecount="0" falsecount="1"/>
        <line num="60" count="0" type="stmt"/>
        <line num="62" count="0" type="stmt"/>
        <line num="66" count="0" type="cond" truecount="0" falsecount="1"/>
        <line num="67" count="0" type="stmt"/>
        <line num="69" count="0" type="stmt"/>
        <line num="77" count="2" type="stmt"/>
        <line num="84" count="2" type="stmt"/>
        <line num="85" count="12" type="stmt"/>
        <line num="86" count="12" type="stmt"/>
        <line num="88" count="0" type="stmt"/>
        <line num="89" count="0" type="stmt"/>
        <line num="90" count="0" type="stmt"/>
        <line num="99" count="2" type="stmt"/>
        <line num="100" count="2" type="stmt"/>
        <line num="102" count="0" type="stmt"/>
        <line num="103" count="0" type="stmt"/>
        <line num="111" count="2" type="stmt"/>
        <line num="112" count="2" type="stmt"/>
        <line num="114" count="0" type="stmt"/>
        <line num="115" count="0" type="stmt"/>
        <line num="122" count="2" type="stmt"/>
        <line num="129" count="0" type="stmt"/>
        <line num="130" count="0" type="stmt"/>
        <line num="131" count="0" type="stmt"/>
        <line num="134" count="0" type="stmt"/>
        <line num="135" count="0" type="stmt"/>
        <line num="136" count="0" type="stmt"/>
        <line num="138" count="0" type="stmt"/>
        <line num="139" count="0" type="stmt"/>
        <line num="140" count="0" type="cond" truecount="0" falsecount="1"/>
        <line num="141" count="0" type="stmt"/>
        <line num="143" count="0" type="stmt"/>
        <line num="146" count="0" type="cond" truecount="0" falsecount="1"/>
        <line num="147" count="0" type="stmt"/>
        <line num="148" count="0" type="stmt"/>
        <line num="150" count="0" type="stmt"/>
        <line num="155" count="0" type="cond" truecount="0" falsecount="2"/>
        <line num="163" count="0" type="stmt"/>
        <line num="164" count="0" type="stmt"/>
        <line num="165" count="0" type="stmt"/>
        <line num="166" count="0" type="stmt"/>
        <line num="167" count="0" type="stmt"/>
        <line num="168" count="0" type="stmt"/>
        <line num="170" count="0" type="stmt"/>
        <line num="174" count="0" type="stmt"/>
        <line num="176" count="0" type="cond" truecount="0" falsecount="1"/>
        <line num="177" count="0" type="stmt"/>
        <line num="179" count="0" type="stmt"/>
        <line num="187" count="243" type="stmt"/>
        <line num="188" count="243" type="stmt"/>
        <line num="189" count="156" type="stmt"/>
        <line num="190" count="156" type="stmt"/>
        <line num="192" count="1" type="stmt"/>
        <line num="196" count="1" type="cond" truecount="1" falsecount="0"/>
        <line num="197" count="1" type="stmt"/>
        <line num="199" count="0" type="stmt"/>
      </file>
      <file name="WorkspaceManager.ts" path="/Users/tmita/workspace/memory-bank-mcp-server/src/managers/WorkspaceManager.ts">
        <metrics statements="82" coveredstatements="72" conditionals="19" coveredconditionals="16" methods="11" coveredmethods="11"/>
        <line num="1" count="4" type="stmt"/>
        <line num="2" count="4" type="stmt"/>
        <line num="4" count="4" type="stmt"/>
        <line num="5" count="4" type="stmt"/>
        <line num="16" count="4" type="stmt"/>
        <line num="17" count="30" type="stmt"/>
        <line num="23" count="34" type="stmt"/>
        <line num="24" count="34" type="cond" truecount="1" falsecount="0"/>
        <line num="27" count="29" type="cond" truecount="1" falsecount="0"/>
        <line num="28" count="26" type="stmt"/>
        <line num="32" count="28" type="stmt"/>
        <line num="33" count="28" type="stmt"/>
        <line num="34" count="28" type="stmt"/>
        <line num="37" count="28" type="cond" truecount="0" falsecount="1"/>
        <line num="38" count="0" type="stmt"/>
        <line num="39" count="0" type="stmt"/>
        <line num="41" count="0" type="stmt"/>
        <line num="46" count="28" type="stmt"/>
        <line num="53" count="28" type="stmt"/>
        <line num="56" count="28" type="stmt"/>
        <line num="58" count="28" type="stmt"/>
        <line num="60" count="1" type="cond" truecount="0" falsecount="1"/>
        <line num="61" count="0" type="stmt"/>
        <line num="63" count="1" type="stmt"/>
        <line num="71" count="99" type="cond" truecount="1" falsecount="0"/>
        <line num="72" count="1" type="stmt"/>
        <line num="74" count="98" type="stmt"/>
        <line num="81" count="34" type="stmt"/>
        <line num="82" count="34" type="stmt"/>
        <line num="89" count="20" type="stmt"/>
        <line num="90" count="20" type="stmt"/>
        <line num="91" count="20" type="stmt"/>
        <line num="92" count="17" type="stmt"/>
        <line num="94" count="3" type="cond" truecount="1" falsecount="0"/>
        <line num="95" count="3" type="stmt"/>
        <line num="97" count="0" type="stmt"/>
        <line num="102" count="28" type="stmt"/>
        <line num="104" count="28" type="cond" truecount="1" falsecount="0"/>
        <line num="105" count="25" type="stmt"/>
        <line num="108" count="3" type="cond" truecount="1" falsecount="0"/>
        <line num="109" count="1" type="stmt"/>
        <line num="112" count="2" type="stmt"/>
        <line num="114" count="0" type="stmt"/>
        <line num="119" count="28" type="stmt"/>
        <line num="121" count="28" type="cond" truecount="1" falsecount="0"/>
        <line num="122" count="1" type="stmt"/>
        <line num="125" count="27" type="cond" truecount="1" falsecount="0"/>
        <line num="126" count="1" type="stmt"/>
        <line num="129" count="26" type="cond" truecount="1" falsecount="1"/>
        <line num="130" count="26" type="stmt"/>
        <line num="132" count="0" type="stmt"/>
        <line num="137" count="28" type="stmt"/>
        <line num="139" count="28" type="cond" truecount="1" falsecount="0"/>
        <line num="140" count="12" type="stmt"/>
        <line num="143" count="16" type="cond" truecount="1" falsecount="0"/>
        <line num="144" count="1" type="stmt"/>
        <line num="147" count="15" type="stmt"/>
        <line num="149" count="15" type="stmt"/>
        <line num="150" count="15" type="stmt"/>
        <line num="151" count="14" type="cond" truecount="1" falsecount="0"/>
        <line num="152" count="1" type="stmt"/>
        <line num="158" count="14" type="stmt"/>
        <line num="160" count="0" type="stmt"/>
        <line num="165" count="28" type="stmt"/>
        <line num="166" count="28" type="stmt"/>
        <line num="167" count="28" type="stmt"/>
        <line num="169" count="28" type="stmt"/>
        <line num="170" count="28" type="stmt"/>
        <line num="172" count="9" type="stmt"/>
        <line num="175" count="28" type="stmt"/>
        <line num="177" count="0" type="stmt"/>
        <line num="182" count="28" type="stmt"/>
        <line num="183" count="28" type="stmt"/>
        <line num="184" count="28" type="stmt"/>
        <line num="189" count="28" type="stmt"/>
        <line num="190" count="56" type="stmt"/>
        <line num="193" count="0" type="stmt"/>
        <line num="198" count="20" type="stmt"/>
        <line num="200" count="20" type="cond" truecount="1" falsecount="0"/>
        <line num="201" count="19" type="stmt"/>
        <line num="204" count="17" type="stmt"/>
        <line num="206" count="3" type="stmt"/>
      </file>
    </package>
    <package name="src.models">
      <metrics statements="12" coveredstatements="12" conditionals="4" coveredconditionals="4" methods="2" coveredmethods="2"/>
      <file name="types.ts" path="/Users/tmita/workspace/memory-bank-mcp-server/src/models/types.ts">
        <metrics statements="12" coveredstatements="12" conditionals="4" coveredconditionals="4" methods="2" coveredmethods="2"/>
        <line num="9" count="7" type="cond" truecount="2" falsecount="0"/>
        <line num="10" count="7" type="stmt"/>
        <line num="11" count="7" type="stmt"/>
        <line num="47" count="7" type="stmt"/>
        <line num="57" count="7" type="stmt"/>
        <line num="69" count="7" type="stmt"/>
        <line num="360" count="7" type="cond" truecount="2" falsecount="0"/>
        <line num="361" count="7" type="stmt"/>
        <line num="362" count="7" type="stmt"/>
        <line num="363" count="7" type="stmt"/>
        <line num="364" count="7" type="stmt"/>
        <line num="365" count="7" type="stmt"/>
      </file>
    </package>
    <package name="src.schemas">
      <metrics statements="54" coveredstatements="37" conditionals="9" coveredconditionals="4" methods="5" coveredmethods="3"/>
      <file name="index.ts" path="/Users/tmita/workspace/memory-bank-mcp-server/src/schemas/index.ts">
        <metrics statements="54" coveredstatements="37" conditionals="9" coveredconditionals="4" methods="5" coveredmethods="3"/>
        <line num="1" count="7" type="stmt"/>
        <line num="2" count="7" type="stmt"/>
        <line num="5" count="7" type="stmt"/>
        <line num="6" count="0" type="stmt"/>
        <line num="7" count="0" type="stmt"/>
        <line num="8" count="0" type="cond" truecount="0" falsecount="1"/>
        <line num="9" count="0" type="stmt"/>
        <line num="13" count="0" type="stmt"/>
        <line num="15" count="0" type="stmt"/>
        <line num="17" count="0" type="stmt"/>
        <line num="21" count="0" type="stmt"/>
        <line num="26" count="7" type="stmt"/>
        <line num="32" count="7" type="stmt"/>
        <line num="36" count="7" type="stmt"/>
        <line num="39" count="1065" type="stmt"/>
        <line num="40" count="1065" type="cond" truecount="2" falsecount="0"/>
        <line num="42" count="7" type="stmt"/>
        <line num="46" count="63" type="cond" truecount="2" falsecount="0"/>
        <line num="50" count="7" type="stmt"/>
        <line num="53" count="7" type="stmt"/>
        <line num="58" count="7" type="stmt"/>
        <line num="64" count="7" type="stmt"/>
        <line num="67" count="7" type="stmt"/>
        <line num="69" count="7" type="stmt"/>
        <line num="75" count="7" type="stmt"/>
        <line num="84" count="7" type="stmt"/>
        <line num="92" count="7" type="stmt"/>
        <line num="99" count="7" type="stmt"/>
        <line num="104" count="7" type="stmt"/>
        <line num="114" count="7" type="stmt"/>
        <line num="123" count="7" type="stmt"/>
        <line num="128" count="7" type="stmt"/>
        <line num="135" count="7" type="stmt"/>
        <line num="143" count="7" type="stmt"/>
        <line num="151" count="7" type="stmt"/>
        <line num="158" count="7" type="stmt"/>
        <line num="165" count="7" type="stmt"/>
        <line num="171" count="7" type="stmt"/>
        <line num="178" count="7" type="stmt"/>
        <line num="180" count="7" type="stmt"/>
        <line num="184" count="7" type="stmt"/>
        <line num="190" count="7" type="stmt"/>
        <line num="194" count="7" type="stmt"/>
        <line num="205" count="7" type="stmt"/>
        <line num="206" count="7" type="stmt"/>
        <line num="207" count="0" type="stmt"/>
        <line num="208" count="0" type="cond" truecount="0" falsecount="1"/>
        <line num="209" count="0" type="stmt"/>
        <line num="212" count="0" type="stmt"/>
        <line num="214" count="0" type="cond" truecount="0" falsecount="1"/>
        <line num="215" count="0" type="stmt"/>
        <line num="218" count="0" type="stmt"/>
        <line num="220" count="0" type="cond" truecount="0" falsecount="2"/>
        <line num="222" count="0" type="stmt"/>
      </file>
    </package>
  </project>
</coverage>
