TN:
SF:src/types.ts
FN:6,(anonymous_0)
FNF:1
FNH:0
FNDA:0,(anonymous_0)
DA:6,0
DA:7,0
DA:8,0
DA:9,0
DA:10,0
DA:11,0
LF:6
LH:0
BRDA:6,0,0,0
BRDA:6,0,1,0
BRF:2
BRH:0
end_of_record
TN:
SF:src/errors/MemoryBankError.ts
FN:3,(anonymous_0)
FN:27,(anonymous_1)
FN:36,(anonymous_2)
FN:44,(anonymous_3)
FN:55,(anonymous_4)
FN:66,(anonymous_5)
FN:77,(anonymous_6)
FN:85,(anonymous_7)
FN:93,(anonymous_8)
FN:101,(anonymous_9)
FN:109,(anonymous_10)
FN:117,(anonymous_11)
FN:129,(anonymous_12)
FN:137,(anonymous_13)
FN:145,(anonymous_14)
FN:153,(anonymous_15)
FNF:16
FNH:4
FNDA:5,(anonymous_0)
FNDA:39,(anonymous_1)
FNDA:0,(anonymous_2)
FNDA:0,(anonymous_3)
FNDA:0,(anonymous_4)
FNDA:0,(anonymous_5)
FNDA:0,(anonymous_6)
FNDA:0,(anonymous_7)
FNDA:0,(anonymous_8)
FNDA:0,(anonymous_9)
FNDA:0,(anonymous_10)
FNDA:0,(anonymous_11)
FNDA:6,(anonymous_12)
FNDA:0,(anonymous_13)
FNDA:0,(anonymous_14)
FNDA:3,(anonymous_15)
DA:3,5
DA:5,5
DA:6,5
DA:7,5
DA:8,5
DA:11,5
DA:12,5
DA:13,5
DA:16,5
DA:17,5
DA:20,5
DA:21,5
DA:22,5
DA:23,5
DA:26,5
DA:28,39
DA:29,39
DA:30,39
DA:32,39
DA:33,39
DA:37,0
DA:48,0
DA:59,0
DA:70,0
DA:78,0
DA:86,0
DA:94,0
DA:102,0
DA:110,0
DA:122,0
DA:130,6
DA:138,0
DA:146,0
DA:154,3
LF:34
LH:22
BRDA:3,0,0,5
BRDA:3,0,1,5
BRF:2
BRH:2
end_of_record
TN:
SF:src/managers/BaseMemoryBank.ts
FN:21,(anonymous_1)
FN:26,(anonymous_2)
FN:71,(anonymous_3)
FN:115,(anonymous_4)
FN:127,(anonymous_5)
FN:151,(anonymous_6)
FN:194,(anonymous_7)
FN:207,(anonymous_8)
FN:210,walkDir
FN:236,(anonymous_10)
FN:248,(anonymous_11)
FN:258,(anonymous_12)
FN:278,(anonymous_13)
FN:313,(anonymous_14)
FN:324,(anonymous_15)
FN:326,(anonymous_16)
FN:332,(anonymous_17)
FN:340,(anonymous_18)
FN:342,(anonymous_19)
FN:350,(anonymous_20)
FN:351,(anonymous_21)
FN:354,(anonymous_22)
FN:357,(anonymous_23)
FN:372,(anonymous_24)
FN:374,(anonymous_25)
FN:384,(anonymous_26)
FN:406,(anonymous_27)
FN:408,(anonymous_28)
FN:413,(anonymous_29)
FN:423,(anonymous_30)
FN:428,(anonymous_31)
FN:434,(anonymous_32)
FN:435,(anonymous_33)
FN:436,(anonymous_34)
FNF:34
FNH:22
FNDA:11,(anonymous_1)
FNDA:6,(anonymous_2)
FNDA:10,(anonymous_3)
FNDA:2,(anonymous_4)
FNDA:0,(anonymous_5)
FNDA:0,(anonymous_6)
FNDA:0,(anonymous_7)
FNDA:2,(anonymous_8)
FNDA:3,walkDir
FNDA:6,(anonymous_10)
FNDA:1,(anonymous_11)
FNDA:0,(anonymous_12)
FNDA:1,(anonymous_13)
FNDA:17,(anonymous_14)
FNDA:17,(anonymous_15)
FNDA:18,(anonymous_16)
FNDA:17,(anonymous_17)
FNDA:7,(anonymous_18)
FNDA:29,(anonymous_19)
FNDA:10,(anonymous_20)
FNDA:10,(anonymous_21)
FNDA:12,(anonymous_22)
FNDA:14,(anonymous_23)
FNDA:2,(anonymous_24)
FNDA:8,(anonymous_25)
FNDA:6,(anonymous_26)
FNDA:0,(anonymous_27)
FNDA:0,(anonymous_28)
FNDA:0,(anonymous_29)
FNDA:0,(anonymous_30)
FNDA:0,(anonymous_31)
FNDA:0,(anonymous_32)
FNDA:0,(anonymous_33)
FNDA:0,(anonymous_34)
DA:1,1
DA:2,1
DA:3,1
DA:5,1
DA:20,1
DA:21,11
DA:27,6
DA:29,6
DA:30,6
DA:32,6
DA:33,6
DA:34,6
DA:37,6
DA:40,6
DA:47,6
DA:49,6
DA:50,6
DA:51,0
DA:53,6
DA:54,0
DA:56,6
DA:58,0
DA:61,6
DA:62,6
DA:64,0
DA:72,10
DA:74,10
DA:75,10
DA:76,10
DA:78,10
DA:80,10
DA:83,10
DA:86,10
DA:92,10
DA:94,10
DA:96,0
DA:97,0
DA:98,0
DA:100,0
DA:102,0
DA:105,0
DA:106,0
DA:108,0
DA:116,2
DA:118,2
DA:121,2
DA:122,0
DA:125,0
DA:126,0
DA:127,0
DA:130,0
DA:139,0
DA:141,2
DA:142,2
DA:144,0
DA:152,0
DA:154,0
DA:157,0
DA:158,0
DA:159,0
DA:161,0
DA:162,0
DA:164,0
DA:165,0
DA:166,0
DA:167,0
DA:170,0
DA:171,0
DA:173,0
DA:176,0
DA:185,0
DA:187,0
DA:188,0
DA:193,0
DA:194,0
DA:197,0
DA:198,0
DA:200,0
DA:208,2
DA:211,3
DA:212,3
DA:214,3
DA:215,7
DA:217,7
DA:218,1
DA:219,6
DA:220,6
DA:224,0
DA:225,0
DA:226,0
DA:228,0
DA:230,0
DA:234,2
DA:235,2
DA:236,6
DA:238,0
DA:239,0
DA:241,0
DA:249,1
DA:251,1
DA:252,1
DA:253,1
DA:255,1
DA:256,3
DA:257,3
DA:258,0
DA:259,0
DA:262,3
DA:266,1
DA:268,0
DA:269,0
DA:271,0
DA:279,1
DA:280,1
DA:281,1
DA:283,1
DA:284,1
DA:286,0
DA:287,0
DA:288,0
DA:290,0
DA:291,0
DA:293,0
DA:295,0
DA:298,0
DA:299,0
DA:301,0
DA:314,17
DA:315,17
DA:317,0
DA:325,17
DA:326,18
DA:328,0
DA:333,17
DA:334,17
DA:335,0
DA:337,17
DA:341,7
DA:342,29
DA:344,7
DA:346,5
DA:350,10
DA:351,10
DA:355,12
DA:357,14
DA:360,9
DA:361,1
DA:365,8
DA:366,8
DA:367,8
DA:369,8
DA:373,2
DA:374,8
DA:376,2
DA:379,1
DA:380,1
DA:384,1
DA:385,6
DA:387,1
DA:388,1
DA:391,1
DA:393,1
DA:394,1
DA:396,1
DA:399,0
DA:400,0
DA:402,0
DA:407,0
DA:408,0
DA:410,0
DA:413,0
DA:414,0
DA:416,0
DA:417,0
DA:421,0
DA:423,0
DA:429,0
DA:430,0
DA:432,0
DA:434,0
DA:435,0
DA:436,0
LF:182
LH:96
BRDA:49,0,0,6
BRDA:50,1,0,0
BRDA:53,2,0,0
BRDA:61,3,0,6
BRDA:71,4,0,2
BRDA:96,5,0,0
BRDA:97,6,0,0
BRDA:105,7,0,0
BRDA:126,8,0,0
BRDA:126,8,1,0
BRDA:134,9,0,0
BRDA:134,9,1,0
BRDA:141,10,0,2
BRDA:151,11,0,0
BRDA:162,12,0,0
BRDA:171,13,0,0
BRDA:171,13,1,0
BRDA:173,14,0,0
BRDA:173,14,1,0
BRDA:197,15,0,0
BRDA:217,16,0,1
BRDA:217,16,1,6
BRDA:219,17,0,6
BRDA:224,18,0,0
BRDA:225,19,0,0
BRDA:238,20,0,0
BRDA:258,21,0,0
BRDA:268,22,0,0
BRDA:286,23,0,0
BRDA:287,24,0,0
BRDA:290,25,0,0
BRDA:298,26,0,0
BRDA:334,27,0,0
BRDA:344,28,0,2
BRDA:355,29,0,3
BRDA:360,30,0,1
BRDA:372,31,0,1
BRDA:376,32,0,1
BRDA:385,33,0,6
BRDA:385,33,1,3
BRDA:387,34,0,1
BRDA:391,35,0,1
BRDA:391,35,1,0
BRDA:410,36,0,0
BRDA:414,37,0,0
BRDA:414,37,1,0
BRDA:416,38,0,0
BRDA:430,39,0,0
BRF:48
BRH:16
end_of_record
TN:
SF:src/managers/BranchMemoryBank.ts
FN:25,(anonymous_1)
FN:38,(anonymous_2)
FN:83,(anonymous_3)
FN:111,(anonymous_4)
FN:173,(anonymous_5)
FN:227,(anonymous_6)
FN:249,(anonymous_7)
FN:271,(anonymous_8)
FN:300,(anonymous_9)
FN:307,(anonymous_10)
FN:314,(anonymous_11)
FN:321,(anonymous_12)
FN:339,(anonymous_13)
FN:346,(anonymous_14)
FN:359,(anonymous_15)
FN:392,(anonymous_16)
FN:411,(anonymous_17)
FN:424,(anonymous_18)
FN:425,(anonymous_19)
FN:437,(anonymous_20)
FN:439,(anonymous_21)
FN:449,(anonymous_22)
FNF:22
FNH:0
FNDA:0,(anonymous_1)
FNDA:0,(anonymous_2)
FNDA:0,(anonymous_3)
FNDA:0,(anonymous_4)
FNDA:0,(anonymous_5)
FNDA:0,(anonymous_6)
FNDA:0,(anonymous_7)
FNDA:0,(anonymous_8)
FNDA:0,(anonymous_9)
FNDA:0,(anonymous_10)
FNDA:0,(anonymous_11)
FNDA:0,(anonymous_12)
FNDA:0,(anonymous_13)
FNDA:0,(anonymous_14)
FNDA:0,(anonymous_15)
FNDA:0,(anonymous_16)
FNDA:0,(anonymous_17)
FNDA:0,(anonymous_18)
FNDA:0,(anonymous_19)
FNDA:0,(anonymous_20)
FNDA:0,(anonymous_21)
FNDA:0,(anonymous_22)
DA:1,0
DA:2,0
DA:3,0
DA:4,0
DA:5,0
DA:6,0
DA:21,0
DA:26,0
DA:27,0
DA:28,0
DA:30,0
DA:32,0
DA:39,0
DA:41,0
DA:43,0
DA:44,0
DA:46,0
DA:54,0
DA:55,0
DA:56,0
DA:57,0
DA:60,0
DA:64,0
DA:66,0
DA:67,0
DA:69,0
DA:73,0
DA:74,0
DA:76,0
DA:84,0
DA:91,0
DA:92,0
DA:93,0
DA:95,0
DA:96,0
DA:97,0
DA:105,0
DA:119,0
DA:121,0
DA:122,0
DA:124,0
DA:126,0
DA:127,0
DA:133,0
DA:134,0
DA:140,0
DA:141,0
DA:147,0
DA:148,0
DA:154,0
DA:155,0
DA:161,0
DA:163,0
DA:164,0
DA:166,0
DA:180,0
DA:182,0
DA:183,0
DA:185,0
DA:187,0
DA:188,0
DA:194,0
DA:195,0
DA:201,0
DA:202,0
DA:208,0
DA:209,0
DA:215,0
DA:217,0
DA:218,0
DA:220,0
DA:234,0
DA:236,0
DA:237,0
DA:239,0
DA:249,0
DA:252,0
DA:259,0
DA:261,0
DA:262,0
DA:264,0
DA:272,0
DA:273,0
DA:276,0
DA:279,0
DA:280,0
DA:284,0
DA:285,0
DA:292,0
DA:293,0
DA:297,0
DA:298,0
DA:299,0
DA:300,0
DA:304,0
DA:305,0
DA:306,0
DA:307,0
DA:311,0
DA:312,0
DA:313,0
DA:314,0
DA:318,0
DA:319,0
DA:320,0
DA:321,0
DA:324,0
DA:325,0
DA:329,0
DA:330,0
DA:337,0
DA:338,0
DA:339,0
DA:343,0
DA:344,0
DA:345,0
DA:346,0
DA:350,0
DA:351,0
DA:352,0
DA:356,0
DA:357,0
DA:358,0
DA:359,0
DA:362,0
DA:363,0
DA:367,0
DA:368,0
DA:374,0
DA:376,0
DA:377,0
DA:391,0
DA:392,0
DA:397,0
DA:398,0
DA:401,0
DA:402,0
DA:404,0
DA:416,0
DA:417,0
DA:418,0
DA:419,0
DA:421,0
DA:423,0
DA:424,0
DA:425,0
DA:428,0
DA:429,0
DA:430,0
DA:431,0
DA:432,0
DA:434,0
DA:437,0
DA:438,0
DA:439,0
DA:442,0
DA:444,0
DA:445,0
DA:449,0
DA:450,0
DA:452,0
DA:453,0
DA:457,0
DA:458,0
DA:460,0
DA:463,0
DA:464,0
DA:466,0
DA:467,0
DA:471,0
DA:472,0
DA:474,0
DA:475,0
DA:479,0
DA:480,0
DA:482,0
DA:483,0
DA:488,0
DA:493,0
DA:495,0
DA:497,0
DA:499,0
DA:501,0
DA:502,0
DA:504,0
LF:185
LH:0
BRDA:66,0,0,0
BRDA:73,1,0,0
BRDA:122,2,0,0
BRDA:122,2,1,0
BRDA:126,3,0,0
BRDA:128,4,0,0
BRDA:128,4,1,0
BRDA:133,5,0,0
BRDA:135,6,0,0
BRDA:135,6,1,0
BRDA:140,7,0,0
BRDA:142,8,0,0
BRDA:142,8,1,0
BRDA:147,9,0,0
BRDA:149,10,0,0
BRDA:149,10,1,0
BRDA:154,11,0,0
BRDA:156,12,0,0
BRDA:156,12,1,0
BRDA:163,13,0,0
BRDA:183,14,0,0
BRDA:183,14,1,0
BRDA:187,15,0,0
BRDA:189,16,0,0
BRDA:189,16,1,0
BRDA:194,17,0,0
BRDA:196,18,0,0
BRDA:196,18,1,0
BRDA:201,19,0,0
BRDA:203,20,0,0
BRDA:203,20,1,0
BRDA:208,21,0,0
BRDA:210,22,0,0
BRDA:210,22,1,0
BRDA:217,23,0,0
BRDA:237,24,0,0
BRDA:237,24,1,0
BRDA:242,25,0,0
BRDA:242,25,1,0
BRDA:245,26,0,0
BRDA:245,26,1,0
BRDA:248,27,0,0
BRDA:248,27,1,0
BRDA:254,28,0,0
BRDA:254,28,1,0
BRDA:261,29,0,0
BRDA:279,30,0,0
BRDA:284,31,0,0
BRDA:292,32,0,0
BRDA:298,33,0,0
BRDA:305,34,0,0
BRDA:312,35,0,0
BRDA:319,36,0,0
BRDA:329,37,0,0
BRDA:337,38,0,0
BRDA:344,39,0,0
BRDA:351,40,0,0
BRDA:357,41,0,0
BRDA:367,42,0,0
BRDA:374,43,0,0
BRDA:391,44,0,0
BRDA:401,45,0,0
BRDA:424,46,0,0
BRDA:424,46,1,0
BRDA:428,47,0,0
BRDA:428,48,0,0
BRDA:428,48,1,0
BRDA:431,49,0,0
BRDA:431,49,1,0
BRDA:438,50,0,0
BRDA:438,50,1,0
BRDA:442,51,0,0
BRDA:450,52,0,0
BRDA:450,52,1,0
BRDA:452,53,0,0
BRDA:457,54,0,0
BRDA:457,54,1,0
BRDA:458,55,0,0
BRDA:458,55,1,0
BRDA:460,56,0,0
BRDA:460,56,1,0
BRDA:460,56,2,0
BRDA:501,57,0,0
BRF:83
BRH:0
end_of_record
TN:
SF:src/managers/GlobalMemoryBank.ts
FN:14,(anonymous_1)
FN:22,(anonymous_2)
FN:32,(anonymous_3)
FN:76,(anonymous_4)
FN:128,(anonymous_5)
FN:186,(anonymous_6)
FN:188,(anonymous_7)
FNF:7
FNH:0
FNDA:0,(anonymous_1)
FNDA:0,(anonymous_2)
FNDA:0,(anonymous_3)
FNDA:0,(anonymous_4)
FNDA:0,(anonymous_5)
FNDA:0,(anonymous_6)
FNDA:0,(anonymous_7)
DA:1,0
DA:2,0
DA:3,0
DA:4,0
DA:5,0
DA:6,0
DA:11,0
DA:15,0
DA:16,0
DA:23,0
DA:25,0
DA:26,0
DA:29,0
DA:30,0
DA:32,0
DA:40,0
DA:41,0
DA:50,0
DA:51,0
DA:52,0
DA:53,0
DA:54,0
DA:56,0
DA:59,0
DA:60,0
DA:62,0
DA:66,0
DA:67,0
DA:69,0
DA:77,0
DA:84,0
DA:85,0
DA:86,0
DA:88,0
DA:89,0
DA:90,0
DA:99,0
DA:100,0
DA:102,0
DA:103,0
DA:111,0
DA:112,0
DA:114,0
DA:115,0
DA:122,0
DA:129,0
DA:130,0
DA:131,0
DA:134,0
DA:135,0
DA:136,0
DA:138,0
DA:139,0
DA:140,0
DA:141,0
DA:143,0
DA:146,0
DA:147,0
DA:148,0
DA:150,0
DA:155,0
DA:163,0
DA:164,0
DA:165,0
DA:166,0
DA:167,0
DA:168,0
DA:170,0
DA:174,0
DA:176,0
DA:177,0
DA:179,0
DA:187,0
DA:188,0
DA:189,0
DA:190,0
DA:192,0
DA:196,0
DA:197,0
DA:199,0
LF:80
LH:0
BRDA:30,0,0,0
BRDA:30,0,1,0
BRDA:34,1,0,0
BRDA:34,1,1,0
BRDA:36,2,0,0
BRDA:36,2,1,0
BRDA:59,3,0,0
BRDA:66,4,0,0
BRDA:140,5,0,0
BRDA:146,6,0,0
BRDA:155,7,0,0
BRDA:155,7,1,0
BRDA:159,8,0,0
BRDA:159,8,1,0
BRDA:176,9,0,0
BRDA:196,10,0,0
BRF:16
BRH:0
end_of_record
TN:
SF:src/managers/WorkspaceManager.ts
FN:16,(anonymous_1)
FN:22,(anonymous_2)
FN:70,(anonymous_3)
FN:80,(anonymous_4)
FN:88,(anonymous_5)
FN:101,(anonymous_6)
FN:118,(anonymous_7)
FN:136,(anonymous_8)
FN:164,(anonymous_9)
FN:181,(anonymous_10)
FN:197,(anonymous_11)
FNF:11
FNH:0
FNDA:0,(anonymous_1)
FNDA:0,(anonymous_2)
FNDA:0,(anonymous_3)
FNDA:0,(anonymous_4)
FNDA:0,(anonymous_5)
FNDA:0,(anonymous_6)
FNDA:0,(anonymous_7)
FNDA:0,(anonymous_8)
FNDA:0,(anonymous_9)
FNDA:0,(anonymous_10)
FNDA:0,(anonymous_11)
DA:1,2
DA:2,2
DA:4,2
DA:5,2
DA:16,2
DA:17,0
DA:23,0
DA:24,0
DA:27,0
DA:28,0
DA:32,0
DA:33,0
DA:34,0
DA:37,0
DA:38,0
DA:39,0
DA:41,0
DA:46,0
DA:53,0
DA:56,0
DA:58,0
DA:60,0
DA:61,0
DA:63,0
DA:71,0
DA:72,0
DA:74,0
DA:81,0
DA:82,0
DA:89,0
DA:90,0
DA:91,0
DA:92,0
DA:94,0
DA:95,0
DA:97,0
DA:102,0
DA:104,0
DA:105,0
DA:108,0
DA:109,0
DA:112,0
DA:114,0
DA:119,0
DA:121,0
DA:122,0
DA:125,0
DA:126,0
DA:129,0
DA:130,0
DA:132,0
DA:137,0
DA:139,0
DA:140,0
DA:143,0
DA:144,0
DA:147,0
DA:149,0
DA:150,0
DA:151,0
DA:152,0
DA:158,0
DA:160,0
DA:165,0
DA:166,0
DA:167,0
DA:169,0
DA:170,0
DA:172,0
DA:175,0
DA:177,0
DA:182,0
DA:183,0
DA:184,0
DA:189,0
DA:190,0
DA:193,0
DA:198,0
DA:200,0
DA:201,0
DA:204,0
DA:206,0
LF:82
LH:5
BRDA:22,0,0,0
BRDA:24,1,0,0
BRDA:27,2,0,0
BRDA:37,3,0,0
BRDA:49,4,0,0
BRDA:49,4,1,0
BRDA:60,5,0,0
BRDA:71,6,0,0
BRDA:94,7,0,0
BRDA:104,8,0,0
BRDA:108,9,0,0
BRDA:121,10,0,0
BRDA:125,11,0,0
BRDA:129,12,0,0
BRDA:129,12,1,0
BRDA:139,13,0,0
BRDA:143,14,0,0
BRDA:151,15,0,0
BRDA:200,16,0,0
BRF:19
BRH:0
end_of_record
TN:
SF:src/models/types.ts
FN:9,(anonymous_0)
FN:360,(anonymous_1)
FNF:2
FNH:2
FNDA:3,(anonymous_0)
FNDA:3,(anonymous_1)
DA:9,3
DA:10,3
DA:11,3
DA:47,3
DA:57,3
DA:69,3
DA:360,3
DA:361,3
DA:362,3
DA:363,3
DA:364,3
DA:365,3
LF:12
LH:12
BRDA:9,0,0,3
BRDA:9,0,1,3
BRDA:360,1,0,3
BRDA:360,1,1,3
BRF:4
BRH:4
end_of_record
TN:
SF:src/schemas/index.ts
FN:12,(anonymous_0)
FN:13,(anonymous_1)
FN:19,(anonymous_2)
FNF:3
FNH:2
FNDA:33,(anonymous_0)
FNDA:33,(anonymous_1)
FNDA:0,(anonymous_2)
DA:1,3
DA:2,3
DA:5,3
DA:9,3
DA:12,33
DA:13,33
DA:15,3
DA:19,0
DA:23,3
DA:26,3
DA:31,3
DA:37,3
DA:40,3
DA:42,3
DA:48,3
DA:57,3
DA:65,3
DA:72,3
DA:77,3
DA:87,3
DA:96,3
DA:101,3
DA:108,3
DA:116,3
DA:124,3
DA:131,3
DA:138,3
DA:144,3
DA:151,3
DA:153,3
DA:157,3
DA:163,3
DA:167,3
LF:33
LH:32
BRDA:13,0,0,33
BRDA:13,0,1,33
BRDA:19,1,0,0
BRDA:19,1,1,0
BRF:4
BRH:2
end_of_record
